[==========] Running 1973 tests from 101 test suites.
[----------] Global test environment set-up.
[----------] 2 tests from AssertTest
[ RUN      ] AssertTest.DebugAbort
[       OK ] AssertTest.DebugAbort (0 ms)
[ RUN      ] AssertTest.SoftError
[       OK ] AssertTest.SoftError (0 ms)
[----------] 2 tests from AssertTest (0 ms total)

[----------] 1 test from BlendingTest
[ RUN      ] BlendingTest.RGBASrcAndDstAddTest
[       OK ] BlendingTest.RGBASrcAndDstAddTest (659 ms)
[----------] 1 test from BlendingTest (659 ms total)

[----------] 7 tests from BufferTest
[ RUN      ] BufferTest.sizeForUniformElementType
[       OK ] BufferTest.sizeForUniformElementType (34 ms)
[ RUN      ] BufferTest.sizeForUniformType
[       OK ] BufferTest.sizeForUniformType (35 ms)
[ RUN      ] BufferTest.createWithDebugLabel
[       OK ] BufferTest.createWithDebugLabel (51 ms)
[ RUN      ] BufferTest.mapIndexBuffer
[       OK ] BufferTest.mapIndexBuffer (42 ms)
[ RUN      ] BufferTest.mapBufferRangeIndexBuffer
[       OK ] BufferTest.mapBufferRangeIndexBuffer (41 ms)
[ RUN      ] BufferTest.copyBytesErrorsIndexBuffer
[       OK ] BufferTest.copyBytesErrorsIndexBuffer (43 ms)
[ RUN      ] BufferTest.mapUniformBuffer
[       OK ] BufferTest.mapUniformBuffer (44 ms)
[----------] 7 tests from BufferTest (294 ms total)

[----------] 1 test from ColorTest
[ RUN      ] ColorTest.ctor
[       OK ] ColorTest.ctor (0 ms)
[----------] 1 test from ColorTest (0 ms total)

[----------] 3 tests from sRGBColorTest
[ RUN      ] sRGBColorTest.ctor
[       OK ] sRGBColorTest.ctor (0 ms)
[ RUN      ] sRGBColorTest.toRGBA32
[       OK ] sRGBColorTest.toRGBA32 (0 ms)
[ RUN      ] sRGBColorTest.fromRGBA32
[       OK ] sRGBColorTest.fromRGBA32 (0 ms)
[----------] 3 tests from sRGBColorTest (0 ms total)

[----------] 2 tests from CommandBufferTest
[ RUN      ] CommandBufferTest.pushPopDebugGroupLabel
[       OK ] CommandBufferTest.pushPopDebugGroupLabel (39 ms)
[ RUN      ] CommandBufferTest.debugName
[       OK ] CommandBufferTest.debugName (41 ms)
[----------] 2 tests from CommandBufferTest (81 ms total)

[----------] 5 tests from ComputeCommandEncoderTest
[ RUN      ] ComputeCommandEncoderTest.canEncodeBasicBufferOperation
C:\Users\rudyb\source\repos\igl\igl\src\igl\tests\ComputeCommandEncoder.cpp(164): error: Value of: data != nullptr
  Actual: false
Expected: true

[  FAILED  ] ComputeCommandEncoderTest.canEncodeBasicBufferOperation (39 ms)
[ RUN      ] ComputeCommandEncoderTest.bindImageTexture
[       OK ] ComputeCommandEncoderTest.bindImageTexture (46 ms)
[ RUN      ] ComputeCommandEncoderTest.canUseOutputBufferFromOnePassAsInputToNext
C:\Users\rudyb\source\repos\igl\igl\src\igl\tests\ComputeCommandEncoder.cpp(232): error: Value of: data != nullptr
  Actual: false
Expected: true

[  FAILED  ] ComputeCommandEncoderTest.canUseOutputBufferFromOnePassAsInputToNext (37 ms)
[ RUN      ] ComputeCommandEncoderTest.bindSamplerState
[       OK ] ComputeCommandEncoderTest.bindSamplerState (39 ms)
[ RUN      ] ComputeCommandEncoderTest.copyBuffer
C:\Users\rudyb\source\repos\igl\igl\src\igl\tests\ComputeCommandEncoder.cpp(296): error: Value of: dataOut != nullptr
  Actual: false
Expected: true

[  FAILED  ] ComputeCommandEncoderTest.copyBuffer (36 ms)
[----------] 5 tests from ComputeCommandEncoderTest (199 ms total)

[----------] 2 tests from DeviceFeatureSetTest
[ RUN      ] DeviceFeatureSetTest.hasFeatureForMacOSOrWinOrAndroidTest
C:\Users\rudyb\source\repos\igl\igl\src\igl\tests\DeviceFeatureSet.cpp(262): error: Value of: iglDev_->hasFeature(DeviceFeatures::PushConstants)
  Actual: true
Expected: false

[  FAILED  ] DeviceFeatureSetTest.hasFeatureForMacOSOrWinOrAndroidTest (29 ms)
[ RUN      ] DeviceFeatureSetTest.getTextureFormatCapabilities
[       OK ] DeviceFeatureSetTest.getTextureFormatCapabilities (30 ms)
[----------] 2 tests from DeviceFeatureSetTest (60 ms total)

[----------] 6 tests from FramebufferTest
[ RUN      ] FramebufferTest.Clear
[       OK ] FramebufferTest.Clear (44 ms)
[ RUN      ] FramebufferTest.blitFramebufferColor
[       OK ] FramebufferTest.blitFramebufferColor (38 ms)
[ RUN      ] FramebufferTest.DrawableUnbind
[       OK ] FramebufferTest.DrawableUnbind (47 ms)
[ RUN      ] FramebufferTest.DrawableBindCount
[       OK ] FramebufferTest.DrawableBindCount (52 ms)
[ RUN      ] FramebufferTest.UpdateDrawableWithDepthAndStencilTest
[       OK ] FramebufferTest.UpdateDrawableWithDepthAndStencilTest (52 ms)
[ RUN      ] FramebufferTest.GetColorAttachmentTest
[       OK ] FramebufferTest.GetColorAttachmentTest (64 ms)
[----------] 6 tests from FramebufferTest (300 ms total)

[----------] 5 tests from HashTest
[ RUN      ] HashTest.GraphicsPipeline1
[       OK ] HashTest.GraphicsPipeline1 (49 ms)
[ RUN      ] HashTest.GraphicsPipeline2
[       OK ] HashTest.GraphicsPipeline2 (47 ms)
[ RUN      ] HashTest.GraphicsPipeline3
[       OK ] HashTest.GraphicsPipeline3 (49 ms)
[ RUN      ] HashTest.VertexInputState1
[       OK ] HashTest.VertexInputState1 (37 ms)
[ RUN      ] HashTest.DepthStencilState1
[       OK ] HashTest.DepthStencilState1 (46 ms)
[----------] 5 tests from HashTest (231 ms total)

[----------] 1 test from LogTest
[ RUN      ] LogTest.LogOnceRaceCondition
[       OK ] LogTest.LogOnceRaceCondition (15 ms)
[----------] 1 test from LogTest (15 ms total)

[----------] 2 tests from MultiviewTest
[ RUN      ] MultiviewTest.FramebufferMode
C:\Users\rudyb\source\repos\igl\igl\src\igl\tests\Multiview.cpp(76): Skipped
Multiview is unsupported for this platform.

[  SKIPPED ] MultiviewTest.FramebufferMode (41 ms)
[ RUN      ] MultiviewTest.SinglePassStereo
C:\Users\rudyb\source\repos\igl\igl\src\igl\tests\Multiview.cpp(76): Skipped
Multiview is unsupported for this platform.

[  SKIPPED ] MultiviewTest.SinglePassStereo (41 ms)
[----------] 2 tests from MultiviewTest (83 ms total)

[----------] 5 tests from NameHandleTests
[ RUN      ] NameHandleTests.string
[       OK ] NameHandleTests.string (0 ms)
[ RUN      ] NameHandleTests.crc32
[       OK ] NameHandleTests.crc32 (0 ms)
[ RUN      ] NameHandleTests.equality
[       OK ] NameHandleTests.equality (0 ms)
[ RUN      ] NameHandleTests.ordering
[       OK ] NameHandleTests.ordering (0 ms)
[ RUN      ] NameHandleTests.set
[       OK ] NameHandleTests.set (0 ms)
[----------] 5 tests from NameHandleTests (0 ms total)

[----------] 14 tests from RenderCommandEncoderTest
[ RUN      ] RenderCommandEncoderTest.shouldDrawAPoint
[       OK ] RenderCommandEncoderTest.shouldDrawAPoint (50 ms)
[ RUN      ] RenderCommandEncoderTest.shouldDrawAPointNewBindTexture
[       OK ] RenderCommandEncoderTest.shouldDrawAPointNewBindTexture (49 ms)
[ RUN      ] RenderCommandEncoderTest.shouldDrawALine
[       OK ] RenderCommandEncoderTest.shouldDrawALine (54 ms)
[ RUN      ] RenderCommandEncoderTest.shouldDrawLineStrip
[       OK ] RenderCommandEncoderTest.shouldDrawLineStrip (52 ms)
[ RUN      ] RenderCommandEncoderTest.drawIndexedFirstIndex
[       OK ] RenderCommandEncoderTest.drawIndexedFirstIndex (52 ms)
[ RUN      ] RenderCommandEncoderTest.drawIndexed8Bit
C:\Users\rudyb\source\repos\igl\igl\src\igl\tests\RenderCommandEncoder.cpp(540): Skipped


[  SKIPPED ] RenderCommandEncoderTest.drawIndexed8Bit (52 ms)
[ RUN      ] RenderCommandEncoderTest.drawInstanced
[       OK ] RenderCommandEncoderTest.drawInstanced (67 ms)
[ RUN      ] RenderCommandEncoderTest.shouldDrawATriangle
[       OK ] RenderCommandEncoderTest.shouldDrawATriangle (60 ms)
[ RUN      ] RenderCommandEncoderTest.shouldDrawTriangleStrip
[       OK ] RenderCommandEncoderTest.shouldDrawTriangleStrip (50 ms)
[ RUN      ] RenderCommandEncoderTest.shouldDrawTriangleStripCopyTextureToBuffer
C:\Users\rudyb\source\repos\igl\igl\src\igl\tests\RenderCommandEncoder.cpp(687): Skipped
Not implemented for non-Vulkan backends

[  SKIPPED ] RenderCommandEncoderTest.shouldDrawTriangleStripCopyTextureToBuffer (65 ms)
[ RUN      ] RenderCommandEncoderTest.shouldNotDraw
[       OK ] RenderCommandEncoderTest.shouldNotDraw (66 ms)
[ RUN      ] RenderCommandEncoderTest.shouldDrawATriangleBindGroup
[       OK ] RenderCommandEncoderTest.shouldDrawATriangleBindGroup (52 ms)
[ RUN      ] RenderCommandEncoderTest.DepthBiasShouldDrawAPoint
[       OK ] RenderCommandEncoderTest.DepthBiasShouldDrawAPoint (67 ms)
[ RUN      ] RenderCommandEncoderTest.drawUsingBindPushConstants
unknown file: error: SEH exception with code 0x87d thrown in the test body.
Stack trace:


[  FAILED  ] RenderCommandEncoderTest.drawUsingBindPushConstants (57 ms)
[----------] 14 tests from RenderCommandEncoderTest (801 ms total)

[----------] 4 tests from ShaderLibraryTest
[ RUN      ] ShaderLibraryTest.CreateFromSource
